<?xml version="1.0" encoding="UTF-8"?>
<!-- Generated by org.testng.reporters.JUnitReportReporter -->
<testsuite hostname="DESKTOP-ER1B2KO" failures="0" tests="3" name="Day23.signupTest" time="0.006" errors="0" timestamp="2024-10-03T13:09:09 IST" skipped="0">
  <testcase classname="Day23.signupTest" name="signupbyEmail" time="0.002"/>
  <system-out/>
  <testcase classname="Day23.signupTest" name="signupbyFacebook" time="0.002"/>
  <system-out/>
  <testcase classname="Day23.signupTest" name="signupbyTwitter" time="0.002"/>
  <system-out/>
</testsuite> <!-- Day23.signupTest -->
