<?xml version="1.0" encoding="UTF-8"?>
<!-- Generated by org.testng.reporters.JUnitReportReporter -->
<testsuite hostname="DESKTOP-ER1B2KO" failures="0" tests="3" name="Day21.FirstTestCase" time="0.033" errors="0" timestamp="2025-01-22T19:13:02 IST" skipped="0">
  <testcase classname="Day21.FirstTestCase" name="openapp" time="0.017"/>
  <system-out/>
  <testcase classname="Day21.FirstTestCase" name="login" time="0.004"/>
  <system-out/>
  <testcase classname="Day21.FirstTestCase" name="logout" time="0.012"/>
  <system-out/>
</testsuite> <!-- Day21.FirstTestCase -->
