<?xml version="1.0" encoding="UTF-8"?>
<!-- Generated by org.testng.reporters.JUnitReportReporter -->
<testsuite hostname="PawanBokolia" failures="0" tests="2" name="Day22pack.C3" time="0.003" errors="0" timestamp="2024-10-04T01:30:58 IST" skipped="0">
  <testcase classname="Day22pack.C3" name="pqr" time="0.002"/>
  <system-out/>
  <testcase classname="Day22pack.C3" name="pqr" time="0.001"/>
  <system-out/>
</testsuite> <!-- Day22pack.C3 -->
