<?xml version="1.0" encoding="UTF-8"?>
<!-- Generated by org.testng.reporters.JUnitReportReporter -->
<testsuite hostname="DESKTOP-ER1B2KO" failures="0" tests="9" name="Day24.ParaTest" time="0.267" errors="0" timestamp="2024-10-03T15:52:56 IST" skipped="0">
  <testcase classname="Day24.ParaTest" name="testLogo" time="0.053"/>
  <system-out/>
  <testcase classname="Day24.ParaTest" name="testLogo" time="0.109"/>
  <system-out/>
  <testcase classname="Day24.ParaTest" name="testLogo" time="0.042"/>
  <system-out/>
  <testcase classname="Day24.ParaTest" name="testtiltle" time="0.018"/>
  <system-out/>
  <testcase classname="Day24.ParaTest" name="testtiltle" time="0.011"/>
  <system-out/>
  <testcase classname="Day24.ParaTest" name="testtiltle" time="0.005"/>
  <system-out/>
  <testcase classname="Day24.ParaTest" name="testURL" time="0.016"/>
  <system-out/>
  <testcase classname="Day24.ParaTest" name="testURL" time="0.009"/>
  <system-out/>
  <testcase classname="Day24.ParaTest" name="testURL" time="0.004"/>
  <system-out/>
</testsuite> <!-- Day24.ParaTest -->
