<?xml version="1.0" encoding="UTF-8"?>
<!-- Generated by org.testng.reporters.JUnitReportReporter -->
<testsuite hostname="DESKTOP-ER1B2KO" failures="0" tests="1" name="OfficePractise.ShadowDom_use" time="39.062" errors="0" timestamp="2025-08-25T17:58:46 IST" skipped="0">
  <testcase classname="OfficePractise.ShadowDom_use" name="test" time="39.062"/>
  <system-out/>
</testsuite> <!-- OfficePractise.ShadowDom_use -->
