<?xml version="1.0" encoding="UTF-8"?>
<!-- Generated by org.testng.reporters.JUnitReportReporter -->
<testsuite hostname="DESKTOP-ER1B2KO" failures="0" tests="4" name="Day21.OrangeHRMTest" time="9.093" errors="0" timestamp="2025-01-22T19:25:13 IST" skipped="0">
  <testcase classname="Day21.OrangeHRMTest" name="openapp" time="4.551"/>
  <system-out/>
  <testcase classname="Day21.OrangeHRMTest" name="testlogo" time="3.058"/>
  <system-out/>
  <testcase classname="Day21.OrangeHRMTest" name="testlogin" time="1.343"/>
  <system-out/>
  <testcase classname="Day21.OrangeHRMTest" name="Closeapp" time="0.141"/>
  <system-out/>
</testsuite> <!-- Day21.OrangeHRMTest -->
