<?xml version="1.0" encoding="UTF-8"?>
<!-- Generated by org.testng.reporters.JUnitReportReporter -->
<testsuite hostname="DESKTOP-ER1B2KO" failures="0" tests="2" name="Day22.AnnotationDemo1" time="0.016" errors="0" timestamp="2024-10-01T16:15:38 IST" skipped="0">
  <testcase classname="Day22.AnnotationDemo1" name="search" time="0.013"/>
  <system-out/>
  <testcase classname="Day22.AnnotationDemo1" name="advanceSearch" time="0.003"/>
  <system-out/>
</testsuite> <!-- Day22.AnnotationDemo1 -->
