<?xml version="1.0" encoding="UTF-8"?>
<!-- Generated by org.testng.reporters.JUnitReportReporter -->
<testsuite hostname="PawanBokolia" failures="0" tests="1" name="homePractise.ScreenshotPractise" time="3.983" errors="0" timestamp="2025-09-02T22:34:30 IST" skipped="0">
  <testcase classname="homePractise.ScreenshotPractise" name="screenshot" time="3.983"/>
</testsuite> <!-- homePractise.ScreenshotPractise -->
