<?xml version="1.0" encoding="UTF-8"?>
<!-- Generated by org.testng.reporters.JUnitReportReporter -->
<testsuite hostname="DESKTOP-ER1B2KO" failures="0" tests="2" name="Day22pack.C2" time="0.002" errors="0" timestamp="2024-10-01T18:14:08 IST" skipped="0">
  <testcase classname="Day22pack.C2" name="xyz" time="0.001"/>
  <system-out/>
  <testcase classname="Day22pack.C2" name="xyz" time="0.001"/>
  <system-out/>
</testsuite> <!-- Day22pack.C2 -->
