<?xml version="1.0" encoding="UTF-8"?>
<!-- Generated by org.testng.reporters.JUnitReportReporter -->
<testsuite hostname="DESKTOP-ER1B2KO" failures="0" tests="2" name="Day22.AnnotationDemo2" time="0.013" errors="0" timestamp="2024-10-01T16:25:13 IST" skipped="0">
  <testcase classname="Day22.AnnotationDemo2" name="search" time="0.011"/>
  <system-out/>
  <testcase classname="Day22.AnnotationDemo2" name="advanceSearch" time="0.002"/>
  <system-out/>
</testsuite> <!-- Day22.AnnotationDemo2 -->
