<?xml version="1.0" encoding="UTF-8"?>
<!-- Generated by org.testng.reporters.JUnitReportReporter -->
<testsuite hostname="DESKTOP-ER1B2KO" failures="0" tests="1" name="Practise2.test123" time="25.956" errors="0" timestamp="2025-05-06T15:02:23 IST" skipped="0">
  <testcase classname="Practise2.test123" name="test" time="25.956"/>
  <system-out/>
</testsuite> <!-- Practise2.test123 -->
