<?xml version="1.0" encoding="UTF-8"?>
<!-- Generated by org.testng.reporters.JUnitReportReporter -->
<testsuite hostname="DESKTOP-ER1B2KO" failures="0" tests="1" name="Practise2.pawan" time="11.372" errors="0" timestamp="2025-05-20T12:00:19 IST" skipped="0">
  <testcase classname="Practise2.pawan" name="colortest" time="11.372"/>
  <system-out/>
</testsuite> <!-- Practise2.pawan -->
