<?xml version="1.0" encoding="UTF-8"?>
<!-- Generated by org.testng.reporters.JUnitReportReporter -->
<testsuite hostname="DESKTOP-ER1B2KO" failures="0" tests="3" name="Day23.LoginTests" time="0.019" errors="0" timestamp="2024-10-03T13:09:09 IST" skipped="0">
  <testcase classname="Day23.LoginTests" name="loginbyEmail" time="0.015"/>
  <system-out/>
  <testcase classname="Day23.LoginTests" name="loginbyFacebook" time="0.002"/>
  <system-out/>
  <testcase classname="Day23.LoginTests" name="loginbytwitter" time="0.002"/>
  <system-out/>
</testsuite> <!-- Day23.LoginTests -->
