<?xml version="1.0" encoding="UTF-8"?>
<!-- Generated by org.testng.reporters.JUnitReportReporter -->
<testsuite hostname="DESKTOP-ER1B2KO" failures="0" tests="1" name="Practise.Test789" time="70.906" errors="0" timestamp="2025-01-23T11:56:36 IST" skipped="0">
  <testcase classname="Practise.Test789" name="t1" time="70.906"/>
  <system-out/>
</testsuite> <!-- Practise.Test789 -->
