<?xml version="1.0" encoding="UTF-8"?>
<!-- Generated by org.testng.reporters.JUnitReportReporter -->
<testsuite hostname="DESKTOP-ER1B2KO" failures="0" tests="2" name="Day22.AllAnnotations" time="0.011" errors="0" timestamp="2025-01-24T15:41:30 IST" skipped="0">
  <testcase classname="Day22.AllAnnotations" name="tm2" time="0.001"/>
  <system-out/>
  <testcase classname="Day22.AllAnnotations" name="tm1" time="0.010"/>
  <system-out/>
</testsuite> <!-- Day22.AllAnnotations -->
