<?xml version="1.0" encoding="UTF-8"?>
<!-- Generated by org.testng.reporters.JUnitReportReporter -->
<testsuite hostname="DESKTOP-ER1B2KO" failures="0" tests="1" name="Day26.LoginTest" time="1.823" errors="0" timestamp="2024-10-04T18:24:03 IST" skipped="0">
  <testcase classname="Day26.LoginTest" name="testlogin" time="1.823"/>
  <system-out/>
</testsuite> <!-- Day26.LoginTest -->
