<?xml version="1.0" encoding="UTF-8"?>
<!-- Generated by org.testng.reporters.JUnitReportReporter -->
<testsuite hostname="PawanBokolia" failures="0" tests="3" name="Day21.FirstTestCase" time="0.014" errors="0" timestamp="2024-10-20T12:10:04 IST" skipped="0">
  <testcase classname="Day21.FirstTestCase" name="openapp" time="0.012"/>
  <system-out/>
  <testcase classname="Day21.FirstTestCase" name="login" time="0.001"/>
  <system-out/>
  <testcase classname="Day21.FirstTestCase" name="logout" time="0.001"/>
  <system-out/>
</testsuite> <!-- Day21.FirstTestCase -->
