<?xml version="1.0" encoding="UTF-8"?>
<!-- Generated by org.testng.reporters.JUnitReportReporter -->
<testsuite hostname="DESKTOP-ER1B2KO" failures="0" tests="2" name="Day23.PaymentTest" time="0.005" errors="0" timestamp="2024-10-03T13:09:09 IST" skipped="0">
  <testcase classname="Day23.PaymentTest" name="paymentinRupees" time="0.003"/>
  <system-out/>
  <testcase classname="Day23.PaymentTest" name="paymentinDollers" time="0.002"/>
  <system-out/>
</testsuite> <!-- Day23.PaymentTest -->
